<?xml version="1.0" encoding="UTF-8"?>
<!-- Generated by org.testng.reporters.JUnitReportReporter -->
<testsuite hostname="LAPTOP-V7R7SGNQ" failures="0" tests="1" name="datadriventesting.Fileuploadrobot" time="6.487" errors="0" timestamp="2023-03-07T11:47:42 IST" skipped="0">
  <testcase classname="datadriventesting.Fileuploadrobot" name="main" time="6.487"/>
  <system-out/>
</testsuite> <!-- datadriventesting.Fileuploadrobot -->
