<?xml version="1.0" encoding="UTF-8"?>
<!-- Generated by org.testng.reporters.JUnitReportReporter -->
<testsuite hostname="LAPTOP-V7R7SGNQ" failures="0" tests="2" name="testng.Grouping" time="0.007" errors="0" timestamp="2023-02-27T11:20:00 IST" skipped="0">
  <testcase classname="testng.Grouping" name="test1" time="0.006"/>
  <system-out/>
  <testcase classname="testng.Grouping" name="test2" time="0.001"/>
  <system-out/>
</testsuite> <!-- testng.Grouping -->
