<?xml version="1.0" encoding="UTF-8"?>
<!-- Generated by org.testng.reporters.JUnitReportReporter -->
<testsuite hostname="LAPTOP-V7R7SGNQ" failures="0" tests="1" name="testng.Parametertest" time="0.005" errors="0" timestamp="2023-03-03T11:28:59 IST" skipped="0">
  <testcase classname="testng.Parametertest" name="test1" time="0.005"/>
  <system-out/>
</testsuite> <!-- testng.Parametertest -->
