<?xml version="1.0" encoding="UTF-8"?>
<!-- Generated by org.testng.reporters.JUnitReportReporter -->
<testsuite hostname="LAPTOP-V7R7SGNQ" failures="0" tests="1" name="testng.Demorightclick" time="4.952" errors="0" timestamp="2023-03-02T12:31:43 IST" skipped="0">
  <testcase classname="testng.Demorightclick" name="rightclick" time="4.952"/>
  <system-out/>
</testsuite> <!-- testng.Demorightclick -->
