<?xml version="1.0" encoding="UTF-8"?>
<!-- Generated by org.testng.reporters.JUnitReportReporter -->
<testsuite hostname="LAPTOP-V7R7SGNQ" failures="0" tests="1" name="testng.Imageupload" time="16.865" errors="0" timestamp="2023-03-03T12:44:29 IST" skipped="0">
  <testcase classname="testng.Imageupload" name="test1" time="16.865"/>
  <system-out/>
</testsuite> <!-- testng.Imageupload -->
