<?xml version="1.0" encoding="UTF-8"?>
<!-- Generated by org.testng.reporters.JUnitReportReporter -->
<testsuite hostname="LAPTOP-V7R7SGNQ" failures="0" tests="3" name="testng.Crossbrowsertest" time="4.737" errors="0" timestamp="2023-03-03T12:12:46 IST" skipped="0">
  <testcase classname="testng.Crossbrowsertest" name="Test1" time="1.801"/>
  <system-out/>
  <testcase classname="testng.Crossbrowsertest" name="Test1" time="1.476"/>
  <system-out/>
  <testcase classname="testng.Crossbrowsertest" name="Test1" time="1.460"/>
  <system-out/>
</testsuite> <!-- testng.Crossbrowsertest -->
