<?xml version="1.0" encoding="UTF-8"?>
<!-- Generated by org.testng.reporters.JUnitReportReporter -->
<testsuite hostname="LAPTOP-V7R7SGNQ" failures="0" tests="1" name="testng.Copypaste" time="2.327" errors="0" timestamp="2023-02-27T12:19:45 IST" skipped="0">
  <testcase classname="testng.Copypaste" name="test1" time="2.327"/>
  <system-out/>
</testsuite> <!-- testng.Copypaste -->
