<?xml version="1.0" encoding="UTF-8"?>
<!-- Generated by org.testng.reporters.JUnitReportReporter -->
<testsuite hostname="LAPTOP-V7R7SGNQ" failures="0" tests="1" name="testng.Draganddrop" time="8.241" errors="0" timestamp="2023-02-27T12:47:33 IST" skipped="0">
  <testcase classname="testng.Draganddrop" name="drgdrop" time="8.241"/>
  <system-out/>
</testsuite> <!-- testng.Draganddrop -->
