<?xml version="1.0" encoding="UTF-8"?>
<!-- Generated by org.testng.reporters.JUnitReportReporter -->
<testsuite hostname="LAPTOP-V7R7SGNQ" failures="0" tests="2" name="testng.Redifftngprgrm" time="2.209" errors="0" timestamp="2023-02-27T11:59:15 IST" skipped="0">
  <testcase classname="testng.Redifftngprgrm" name="radio" time="1.504"/>
  <system-out/>
  <testcase classname="testng.Redifftngprgrm" name="logo" time="0.705"/>
  <system-out/>
</testsuite> <!-- testng.Redifftngprgrm -->
