<?xml version="1.0" encoding="UTF-8"?>
<!-- Generated by org.testng.reporters.JUnitReportReporter -->
<testsuite hostname="LAPTOP-V7R7SGNQ" failures="0" tests="1" name="datadriventesting.Autoitprgrm" time="8.859" errors="0" timestamp="2023-03-08T09:34:05 IST" skipped="0">
  <testcase classname="datadriventesting.Autoitprgrm" name="main" time="8.859"/>
  <system-out/>
</testsuite> <!-- datadriventesting.Autoitprgrm -->
