<?xml version="1.0" encoding="UTF-8"?>
<!-- Generated by org.testng.reporters.JUnitReportReporter -->
<testsuite hostname="LAPTOP-V7R7SGNQ" failures="0" tests="1" name="datadriventesting.Datadrivenpgrm" time="5.864" errors="0" timestamp="2023-03-06T12:31:42 IST" skipped="0">
  <testcase classname="datadriventesting.Datadrivenpgrm" name="test" time="5.864"/>
  <system-out/>
</testsuite> <!-- datadriventesting.Datadrivenpgrm -->
