<?xml version="1.0" encoding="UTF-8"?>
<!-- Generated by org.testng.reporters.JUnitReportReporter -->
<testsuite hostname="LAPTOP-V7R7SGNQ" failures="0" tests="5" name="testng.Testngprgrm" time="3.656" errors="0" timestamp="2023-02-24T12:12:53 IST" skipped="0">
  <testcase classname="testng.Testngprgrm" name="test1" time="0.560"/>
  <system-out/>
  <testcase classname="testng.Testngprgrm" name="test1" time="0.691"/>
  <system-out/>
  <testcase classname="testng.Testngprgrm" name="test1" time="1.185"/>
  <system-out/>
  <testcase classname="testng.Testngprgrm" name="test3" time="0.590"/>
  <system-out/>
  <testcase classname="testng.Testngprgrm" name="test2" time="0.630"/>
  <system-out/>
</testsuite> <!-- testng.Testngprgrm -->
